{"file":"F:/Skill/Go/mysql-exporter/collectors/mysql.go:29","func":"mysql-exporter/collectors.(*mysqlCollector).status","level":"debug","msg":"select status","name":"Com_insert","rs":16,"sql":"show global status where variable_name=?","time":"2021-07-12T22:38:37+08:00"}
{"file":"F:/Skill/Go/mysql-exporter/collectors/mysql.go:50","func":"mysql-exporter/collectors.(*mysqlCollector).variables","level":"debug","msg":"select variables","name":"max_connections","rs":2000,"sql":"show global variables where variable_name=?","time":"2021-07-12T22:38:37+08:00"}
{"file":"F:/Skill/Go/mysql-exporter/collectors/connection.go:44","func":"mysql-exporter/collectors.(*ConnectionCollector).Collect","level":"debug","metric":"max_connections","msg":"command metric","sample":2000,"time":"2021-07-12T22:38:37+08:00"}
{"file":"F:/Skill/Go/mysql-exporter/collectors/mysql.go:29","func":"mysql-exporter/collectors.(*mysqlCollector).status","level":"debug","msg":"select status","name":"Bytes_received","rs":64981,"sql":"show global status where variable_name=?","time":"2021-07-12T22:38:37+08:00"}
{"file":"F:/Skill/Go/mysql-exporter/collectors/mysql.go:29","func":"mysql-exporter/collectors.(*mysqlCollector).status","level":"debug","msg":"select status","name":"queries","rs":679,"sql":"show global status where variable_name=?","time":"2021-07-12T22:38:37+08:00"}
{"file":"F:/Skill/Go/mysql-exporter/collectors/queries.go:66","func":"mysql-exporter/collectors.(*QpsCollector).Collect","level":"debug","metric":"queries","msg":"queries metric","sample":679,"time":"2021-07-12T22:38:38+08:00"}
{"file":"F:/Skill/Go/mysql-exporter/collectors/command.go:44","func":"mysql-exporter/collectors.(*CommandCollector).Collect","level":"debug","metric":"insert","msg":"command metric","sample":16,"time":"2021-07-12T22:38:37+08:00"}
{"file":"F:/Skill/Go/mysql-exporter/collectors/mysql.go:29","func":"mysql-exporter/collectors.(*mysqlCollector).status","level":"debug","msg":"select status","name":"slow_queries","rs":0,"sql":"show global status where variable_name=?","time":"2021-07-12T22:38:37+08:00"}
{"file":"F:/Skill/Go/mysql-exporter/collectors/queries.go:36","func":"mysql-exporter/collectors.(*SlowQueriesCollector).Collect","level":"debug","metric":"slow_queries","msg":"queries slow","sample":0,"time":"2021-07-12T22:38:38+08:00"}
{"file":"F:/Skill/Go/mysql-exporter/collectors/mysql.go:29","func":"mysql-exporter/collectors.(*mysqlCollector).status","level":"debug","msg":"select status","name":"threads_connected","rs":3,"sql":"show global status where variable_name=?","time":"2021-07-12T22:38:38+08:00"}
{"file":"F:/Skill/Go/mysql-exporter/collectors/connection.go:54","func":"mysql-exporter/collectors.(*ConnectionCollector).Collect","level":"debug","metric":"max_connections","msg":"command metric","sample":3,"time":"2021-07-12T22:38:38+08:00"}
{"file":"F:/Skill/Go/mysql-exporter/collectors/mysql.go:29","func":"mysql-exporter/collectors.(*mysqlCollector).status","level":"debug","msg":"select status","name":"Bytes_sent","rs":612540,"sql":"show global status where variable_name=?","time":"2021-07-12T22:38:38+08:00"}
{"file":"F:/Skill/Go/mysql-exporter/collectors/mysql.go:29","func":"mysql-exporter/collectors.(*mysqlCollector).status","level":"debug","msg":"select status","name":"Com_delete","rs":3,"sql":"show global status where variable_name=?","time":"2021-07-12T22:38:38+08:00"}
{"file":"F:/Skill/Go/mysql-exporter/collectors/command.go:44","func":"mysql-exporter/collectors.(*CommandCollector).Collect","level":"debug","metric":"delete","msg":"command metric","sample":3,"time":"2021-07-12T22:38:38+08:00"}
{"file":"F:/Skill/Go/mysql-exporter/collectors/mysql.go:50","func":"mysql-exporter/collectors.(*mysqlCollector).variables","level":"debug","msg":"select variables","name":"max_connections","rs":2000,"sql":"show global variables where variable_name=?","time":"2021-07-12T22:38:38+08:00"}
{"file":"F:/Skill/Go/mysql-exporter/collectors/connection.go:44","func":"mysql-exporter/collectors.(*ConnectionCollector).Collect","level":"debug","metric":"max_connections","msg":"command metric","sample":2000,"time":"2021-07-12T22:38:38+08:00"}
{"file":"F:/Skill/Go/mysql-exporter/collectors/mysql.go:29","func":"mysql-exporter/collectors.(*mysqlCollector).status","level":"debug","msg":"select status","name":"Com_insert","rs":16,"sql":"show global status where variable_name=?","time":"2021-07-12T22:38:38+08:00"}
{"file":"F:/Skill/Go/mysql-exporter/collectors/command.go:44","func":"mysql-exporter/collectors.(*CommandCollector).Collect","level":"debug","metric":"insert","msg":"command metric","sample":16,"time":"2021-07-12T22:38:38+08:00"}
{"file":"F:/Skill/Go/mysql-exporter/collectors/mysql.go:29","func":"mysql-exporter/collectors.(*mysqlCollector).status","level":"debug","msg":"select status","name":"Com_update","rs":22,"sql":"show global status where variable_name=?","time":"2021-07-12T22:38:38+08:00"}
{"file":"F:/Skill/Go/mysql-exporter/collectors/command.go:44","func":"mysql-exporter/collectors.(*CommandCollector).Collect","level":"debug","metric":"update","msg":"command metric","sample":22,"time":"2021-07-12T22:38:38+08:00"}
{"file":"F:/Skill/Go/mysql-exporter/collectors/mysql.go:29","func":"mysql-exporter/collectors.(*mysqlCollector).status","level":"debug","msg":"select status","name":"threads_connected","rs":6,"sql":"show global status where variable_name=?","time":"2021-07-12T22:38:38+08:00"}
{"file":"F:/Skill/Go/mysql-exporter/collectors/connection.go:54","func":"mysql-exporter/collectors.(*ConnectionCollector).Collect","level":"debug","metric":"max_connections","msg":"command metric","sample":6,"time":"2021-07-12T22:38:38+08:00"}
{"file":"F:/Skill/Go/mysql-exporter/collectors/mysql.go:29","func":"mysql-exporter/collectors.(*mysqlCollector).status","level":"debug","msg":"select status","name":"Com_delete","rs":3,"sql":"show global status where variable_name=?","time":"2021-07-12T22:38:38+08:00"}
{"file":"F:/Skill/Go/mysql-exporter/collectors/command.go:44","func":"mysql-exporter/collectors.(*CommandCollector).Collect","level":"debug","metric":"delete","msg":"command metric","sample":3,"time":"2021-07-12T22:38:38+08:00"}
{"file":"F:/Skill/Go/mysql-exporter/collectors/mysql.go:29","func":"mysql-exporter/collectors.(*mysqlCollector).status","level":"debug","msg":"select status","name":"Com_select","rs":83,"sql":"show global status where variable_name=?","time":"2021-07-12T22:38:38+08:00"}
{"file":"F:/Skill/Go/mysql-exporter/collectors/command.go:44","func":"mysql-exporter/collectors.(*CommandCollector).Collect","level":"debug","metric":"select","msg":"command metric","sample":83,"time":"2021-07-12T22:38:38+08:00"}
{"file":"F:/Skill/Go/mysql-exporter/collectors/mysql.go:29","func":"mysql-exporter/collectors.(*mysqlCollector).status","level":"debug","msg":"select status","name":"Bytes_received","rs":66336,"sql":"show global status where variable_name=?","time":"2021-07-12T22:38:38+08:00"}
{"file":"F:/Skill/Go/mysql-exporter/collectors/mysql.go:29","func":"mysql-exporter/collectors.(*mysqlCollector).status","level":"debug","msg":"select status","name":"slow_queries","rs":0,"sql":"show global status where variable_name=?","time":"2021-07-12T22:38:38+08:00"}
{"file":"F:/Skill/Go/mysql-exporter/collectors/queries.go:36","func":"mysql-exporter/collectors.(*SlowQueriesCollector).Collect","level":"debug","metric":"slow_queries","msg":"queries slow","sample":0,"time":"2021-07-12T22:38:38+08:00"}
{"file":"F:/Skill/Go/mysql-exporter/collectors/mysql.go:29","func":"mysql-exporter/collectors.(*mysqlCollector).status","level":"debug","msg":"select status","name":"queries","rs":727,"sql":"show global status where variable_name=?","time":"2021-07-12T22:38:38+08:00"}
{"file":"F:/Skill/Go/mysql-exporter/collectors/queries.go:66","func":"mysql-exporter/collectors.(*QpsCollector).Collect","level":"debug","metric":"queries","msg":"queries metric","sample":727,"time":"2021-07-12T22:38:38+08:00"}
{"file":"F:/Skill/Go/mysql-exporter/collectors/mysql.go:29","func":"mysql-exporter/collectors.(*mysqlCollector).status","level":"debug","msg":"select status","name":"Com_update","rs":22,"sql":"show global status where variable_name=?","time":"2021-07-12T22:38:38+08:00"}
{"file":"F:/Skill/Go/mysql-exporter/collectors/command.go:44","func":"mysql-exporter/collectors.(*CommandCollector).Collect","level":"debug","metric":"update","msg":"command metric","sample":22,"time":"2021-07-12T22:38:38+08:00"}
{"file":"F:/Skill/Go/mysql-exporter/collectors/mysql.go:29","func":"mysql-exporter/collectors.(*mysqlCollector).status","level":"debug","msg":"select status","name":"Bytes_sent","rs":617749,"sql":"show global status where variable_name=?","time":"2021-07-12T22:38:38+08:00"}
{"file":"F:/Skill/Go/mysql-exporter/collectors/mysql.go:29","func":"mysql-exporter/collectors.(*mysqlCollector).status","level":"debug","msg":"select status","name":"Com_select","rs":83,"sql":"show global status where variable_name=?","time":"2021-07-12T22:38:38+08:00"}
{"file":"F:/Skill/Go/mysql-exporter/collectors/command.go:44","func":"mysql-exporter/collectors.(*CommandCollector).Collect","level":"debug","metric":"select","msg":"command metric","sample":83,"time":"2021-07-12T22:38:38+08:00"}
{"file":"F:/Skill/Go/mysql-exporter/collectors/mysql.go:29","func":"mysql-exporter/collectors.(*mysqlCollector).status","level":"debug","msg":"select status","name":"slow_queries","rs":0,"sql":"show global status where variable_name=?","time":"2021-07-12T22:38:39+08:00"}
{"file":"F:/Skill/Go/mysql-exporter/collectors/queries.go:36","func":"mysql-exporter/collectors.(*SlowQueriesCollector).Collect","level":"debug","metric":"slow_queries","msg":"queries slow","sample":0,"time":"2021-07-12T22:38:39+08:00"}
{"file":"F:/Skill/Go/mysql-exporter/collectors/mysql.go:29","func":"mysql-exporter/collectors.(*mysqlCollector).status","level":"debug","msg":"select status","name":"Com_insert","rs":16,"sql":"show global status where variable_name=?","time":"2021-07-12T22:38:39+08:00"}
{"file":"F:/Skill/Go/mysql-exporter/collectors/command.go:44","func":"mysql-exporter/collectors.(*CommandCollector).Collect","level":"debug","metric":"insert","msg":"command metric","sample":16,"time":"2021-07-12T22:38:39+08:00"}
{"file":"F:/Skill/Go/mysql-exporter/collectors/mysql.go:29","func":"mysql-exporter/collectors.(*mysqlCollector).status","level":"debug","msg":"select status","name":"queries","rs":750,"sql":"show global status where variable_name=?","time":"2021-07-12T22:38:39+08:00"}
{"file":"F:/Skill/Go/mysql-exporter/collectors/queries.go:66","func":"mysql-exporter/collectors.(*QpsCollector).Collect","level":"debug","metric":"queries","msg":"queries metric","sample":750,"time":"2021-07-12T22:38:39+08:00"}
{"file":"F:/Skill/Go/mysql-exporter/collectors/mysql.go:29","func":"mysql-exporter/collectors.(*mysqlCollector).status","level":"debug","msg":"select status","name":"Com_delete","rs":3,"sql":"show global status where variable_name=?","time":"2021-07-12T22:38:39+08:00"}
{"file":"F:/Skill/Go/mysql-exporter/collectors/command.go:44","func":"mysql-exporter/collectors.(*CommandCollector).Collect","level":"debug","metric":"delete","msg":"command metric","sample":3,"time":"2021-07-12T22:38:39+08:00"}
{"file":"F:/Skill/Go/mysql-exporter/collectors/mysql.go:50","func":"mysql-exporter/collectors.(*mysqlCollector).variables","level":"debug","msg":"select variables","name":"max_connections","rs":2000,"sql":"show global variables where variable_name=?","time":"2021-07-12T22:38:39+08:00"}
{"file":"F:/Skill/Go/mysql-exporter/collectors/connection.go:44","func":"mysql-exporter/collectors.(*ConnectionCollector).Collect","level":"debug","metric":"max_connections","msg":"command metric","sample":2000,"time":"2021-07-12T22:38:39+08:00"}
{"file":"F:/Skill/Go/mysql-exporter/collectors/mysql.go:29","func":"mysql-exporter/collectors.(*mysqlCollector).status","level":"debug","msg":"select status","name":"Bytes_received","rs":67518,"sql":"show global status where variable_name=?","time":"2021-07-12T22:38:39+08:00"}
{"file":"F:/Skill/Go/mysql-exporter/collectors/mysql.go:29","func":"mysql-exporter/collectors.(*mysqlCollector).status","level":"debug","msg":"select status","name":"Com_update","rs":22,"sql":"show global status where variable_name=?","time":"2021-07-12T22:38:39+08:00"}
{"file":"F:/Skill/Go/mysql-exporter/collectors/command.go:44","func":"mysql-exporter/collectors.(*CommandCollector).Collect","level":"debug","metric":"update","msg":"command metric","sample":22,"time":"2021-07-12T22:38:39+08:00"}
{"file":"F:/Skill/Go/mysql-exporter/collectors/mysql.go:29","func":"mysql-exporter/collectors.(*mysqlCollector).status","level":"debug","msg":"select status","name":"threads_connected","rs":3,"sql":"show global status where variable_name=?","time":"2021-07-12T22:38:39+08:00"}
{"file":"F:/Skill/Go/mysql-exporter/collectors/connection.go:54","func":"mysql-exporter/collectors.(*ConnectionCollector).Collect","level":"debug","metric":"max_connections","msg":"command metric","sample":3,"time":"2021-07-12T22:38:39+08:00"}
{"file":"F:/Skill/Go/mysql-exporter/collectors/mysql.go:29","func":"mysql-exporter/collectors.(*mysqlCollector).status","level":"debug","msg":"select status","name":"Bytes_sent","rs":621913,"sql":"show global status where variable_name=?","time":"2021-07-12T22:38:39+08:00"}
{"file":"F:/Skill/Go/mysql-exporter/collectors/mysql.go:29","func":"mysql-exporter/collectors.(*mysqlCollector).status","level":"debug","msg":"select status","name":"Com_select","rs":83,"sql":"show global status where variable_name=?","time":"2021-07-12T22:38:39+08:00"}
{"file":"F:/Skill/Go/mysql-exporter/collectors/command.go:44","func":"mysql-exporter/collectors.(*CommandCollector).Collect","level":"debug","metric":"select","msg":"command metric","sample":83,"time":"2021-07-12T22:38:39+08:00"}
{"file":"F:/Skill/Go/mysql-exporter/collectors/mysql.go:29","func":"mysql-exporter/collectors.(*mysqlCollector).status","level":"debug","msg":"select status","name":"slow_queries","rs":0,"sql":"show global status where variable_name=?","time":"2021-07-12T22:38:40+08:00"}
{"file":"F:/Skill/Go/mysql-exporter/collectors/queries.go:36","func":"mysql-exporter/collectors.(*SlowQueriesCollector).Collect","level":"debug","metric":"slow_queries","msg":"queries slow","sample":0,"time":"2021-07-12T22:38:40+08:00"}
{"file":"F:/Skill/Go/mysql-exporter/collectors/mysql.go:29","func":"mysql-exporter/collectors.(*mysqlCollector).status","level":"debug","msg":"select status","name":"Com_insert","rs":16,"sql":"show global status where variable_name=?","time":"2021-07-12T22:38:40+08:00"}
{"file":"F:/Skill/Go/mysql-exporter/collectors/command.go:44","func":"mysql-exporter/collectors.(*CommandCollector).Collect","level":"debug","metric":"insert","msg":"command metric","sample":16,"time":"2021-07-12T22:38:40+08:00"}
{"file":"F:/Skill/Go/mysql-exporter/collectors/mysql.go:29","func":"mysql-exporter/collectors.(*mysqlCollector).status","level":"debug","msg":"select status","name":"Com_delete","rs":3,"sql":"show global status where variable_name=?","time":"2021-07-12T22:38:40+08:00"}
{"file":"F:/Skill/Go/mysql-exporter/collectors/command.go:44","func":"mysql-exporter/collectors.(*CommandCollector).Collect","level":"debug","metric":"delete","msg":"command metric","sample":3,"time":"2021-07-12T22:38:40+08:00"}
{"file":"F:/Skill/Go/mysql-exporter/collectors/mysql.go:29","func":"mysql-exporter/collectors.(*mysqlCollector).status","level":"debug","msg":"select status","name":"queries","rs":784,"sql":"show global status where variable_name=?","time":"2021-07-12T22:38:40+08:00"}
{"file":"F:/Skill/Go/mysql-exporter/collectors/queries.go:66","func":"mysql-exporter/collectors.(*QpsCollector).Collect","level":"debug","metric":"queries","msg":"queries metric","sample":784,"time":"2021-07-12T22:38:40+08:00"}
{"file":"F:/Skill/Go/mysql-exporter/collectors/mysql.go:50","func":"mysql-exporter/collectors.(*mysqlCollector).variables","level":"debug","msg":"select variables","name":"max_connections","rs":2000,"sql":"show global variables where variable_name=?","time":"2021-07-12T22:38:40+08:00"}
{"file":"F:/Skill/Go/mysql-exporter/collectors/connection.go:44","func":"mysql-exporter/collectors.(*ConnectionCollector).Collect","level":"debug","metric":"max_connections","msg":"command metric","sample":2000,"time":"2021-07-12T22:38:40+08:00"}
{"file":"F:/Skill/Go/mysql-exporter/collectors/mysql.go:29","func":"mysql-exporter/collectors.(*mysqlCollector).status","level":"debug","msg":"select status","name":"Bytes_received","rs":68710,"sql":"show global status where variable_name=?","time":"2021-07-12T22:38:40+08:00"}
{"file":"F:/Skill/Go/mysql-exporter/collectors/mysql.go:29","func":"mysql-exporter/collectors.(*mysqlCollector).status","level":"debug","msg":"select status","name":"Com_update","rs":22,"sql":"show global status where variable_name=?","time":"2021-07-12T22:38:40+08:00"}
{"file":"F:/Skill/Go/mysql-exporter/collectors/command.go:44","func":"mysql-exporter/collectors.(*CommandCollector).Collect","level":"debug","metric":"update","msg":"command metric","sample":22,"time":"2021-07-12T22:38:40+08:00"}
{"file":"F:/Skill/Go/mysql-exporter/collectors/mysql.go:29","func":"mysql-exporter/collectors.(*mysqlCollector).status","level":"debug","msg":"select status","name":"threads_connected","rs":2,"sql":"show global status where variable_name=?","time":"2021-07-12T22:38:40+08:00"}
{"file":"F:/Skill/Go/mysql-exporter/collectors/connection.go:54","func":"mysql-exporter/collectors.(*ConnectionCollector).Collect","level":"debug","metric":"max_connections","msg":"command metric","sample":2,"time":"2021-07-12T22:38:40+08:00"}
{"file":"F:/Skill/Go/mysql-exporter/collectors/mysql.go:29","func":"mysql-exporter/collectors.(*mysqlCollector).status","level":"debug","msg":"select status","name":"Bytes_sent","rs":626155,"sql":"show global status where variable_name=?","time":"2021-07-12T22:38:40+08:00"}
{"file":"F:/Skill/Go/mysql-exporter/collectors/mysql.go:29","func":"mysql-exporter/collectors.(*mysqlCollector).status","level":"debug","msg":"select status","name":"Com_select","rs":83,"sql":"show global status where variable_name=?","time":"2021-07-12T22:38:40+08:00"}
{"file":"F:/Skill/Go/mysql-exporter/collectors/command.go:44","func":"mysql-exporter/collectors.(*CommandCollector).Collect","level":"debug","metric":"select","msg":"command metric","sample":83,"time":"2021-07-12T22:38:40+08:00"}
